2017-01-01 00:13:29.583 INFO Refund: Refund is processing...
2017-01-01 00:13:29.592 DEBUG WxPayApi: Refund request : <xml><appid><![CDATA[wx5adf8bdaa34b8707]]></appid><mch_id><![CDATA[1219910201]]></mch_id><nonce_str><![CDATA[12830ab9c561467084211ef3e20e5437]]></nonce_str><op_user_id><![CDATA[1219910201]]></op_user_id><out_refund_no><![CDATA[10620170101001328442]]></out_refund_no><refund_fee>1</refund_fee><sign><![CDATA[22CD9B07EE31E40AF521AD8DB74B0B18]]></sign><total_fee>12</total_fee><transaction_id><![CDATA[4005502001201612152902622138]]></transaction_id></xml>
2017-01-01 00:13:30.024 ERROR HttpService: System.Security.Cryptography.CryptographicException: 系统找不到指定的路径。

   在 System.Security.Cryptography.CryptographicException.ThrowCryptographicException(Int32 hr)
   在 System.Security.Cryptography.X509Certificates.X509Utils._QueryCertFileType(String fileName)
   在 System.Security.Cryptography.X509Certificates.X509Certificate.LoadCertificateFromFile(String fileName, Object password, X509KeyStorageFlags keyStorageFlags)
   在 System.Security.Cryptography.X509Certificates.X509Certificate2..ctor(String fileName, String password)
   在 WxPayAPI.HttpService.Post(String xml, String url, Boolean isUseCert, Int32 timeout, WxPayConfig config) 位置 D:\site\b2betown\Com.Tenpay\WxpayApi\lib\HttpService.cs:行号 68
2017-01-01 21:01:26.935 INFO Refund: Refund is processing...
2017-01-01 21:01:26.953 DEBUG WxPayApi: Refund request : <xml><appid><![CDATA[wx5adf8bdaa34b8707]]></appid><mch_id><![CDATA[1219910201]]></mch_id><nonce_str><![CDATA[6fcd59996d164b45ac0f702f76a48e49]]></nonce_str><op_user_id><![CDATA[1219910201]]></op_user_id><out_refund_no><![CDATA[1062017010121012628]]></out_refund_no><refund_fee>1</refund_fee><sign><![CDATA[4DB983AB7ACC4A3BDAC151F8A315841E]]></sign><total_fee>5</total_fee><transaction_id><![CDATA[4005502001201701014800397530]]></transaction_id></xml>
2017-01-01 21:01:27.155 ERROR HttpService: System.Security.Cryptography.CryptographicException: 系统找不到指定的路径。

   在 System.Security.Cryptography.CryptographicException.ThrowCryptographicException(Int32 hr)
   在 System.Security.Cryptography.X509Certificates.X509Utils._QueryCertFileType(String fileName)
   在 System.Security.Cryptography.X509Certificates.X509Certificate.LoadCertificateFromFile(String fileName, Object password, X509KeyStorageFlags keyStorageFlags)
   在 System.Security.Cryptography.X509Certificates.X509Certificate2..ctor(String fileName, String password)
   在 WxPayAPI.HttpService.Post(String xml, String url, Boolean isUseCert, Int32 timeout, WxPayConfig config) 位置 D:\site\b2betown\Com.Tenpay\WxpayApi\lib\HttpService.cs:行号 68
2017-01-01 21:03:18.555 INFO Refund: Refund is processing...
2017-01-01 21:03:18.556 DEBUG WxPayApi: Refund request : <xml><appid><![CDATA[wx5adf8bdaa34b8707]]></appid><mch_id><![CDATA[1219910201]]></mch_id><nonce_str><![CDATA[66c92c7b509647819f273733ed1efe8c]]></nonce_str><op_user_id><![CDATA[1219910201]]></op_user_id><out_refund_no><![CDATA[10620170101210318784]]></out_refund_no><refund_fee>1</refund_fee><sign><![CDATA[76AA2B66FB56361D75E28E27A6FEBA61]]></sign><total_fee>5</total_fee><transaction_id><![CDATA[4005502001201701014800397530]]></transaction_id></xml>
2017-01-01 21:03:18.607 ERROR HttpService: System.Security.Cryptography.CryptographicException: 系统找不到指定的路径。

   在 System.Security.Cryptography.CryptographicException.ThrowCryptographicException(Int32 hr)
   在 System.Security.Cryptography.X509Certificates.X509Utils._QueryCertFileType(String fileName)
   在 System.Security.Cryptography.X509Certificates.X509Certificate.LoadCertificateFromFile(String fileName, Object password, X509KeyStorageFlags keyStorageFlags)
   在 System.Security.Cryptography.X509Certificates.X509Certificate2..ctor(String fileName, String password)
   在 WxPayAPI.HttpService.Post(String xml, String url, Boolean isUseCert, Int32 timeout, WxPayConfig config) 位置 D:\site\b2betown\Com.Tenpay\WxpayApi\lib\HttpService.cs:行号 68
2017-01-01 21:51:54.201 INFO Refund: Refund is processing...
2017-01-01 21:51:54.320 DEBUG WxPayApi: Refund request : <xml><appid><![CDATA[wx5adf8bdaa34b8707]]></appid><mch_id><![CDATA[1219910201]]></mch_id><nonce_str><![CDATA[437a8705cc7d45f08afbc006f84954d8]]></nonce_str><op_user_id><![CDATA[1219910201]]></op_user_id><out_refund_no><![CDATA[10620170101215140405]]></out_refund_no><refund_fee>1</refund_fee><sign><![CDATA[9960C717337B87D46589F8E54D982C67]]></sign><total_fee>5</total_fee><transaction_id><![CDATA[4005502001201701014800397530]]></transaction_id></xml>
2017-01-01 21:51:54.467 ERROR HttpService: System.Security.Cryptography.CryptographicException: 系统找不到指定的路径。

   在 System.Security.Cryptography.CryptographicException.ThrowCryptographicException(Int32 hr)
   在 System.Security.Cryptography.X509Certificates.X509Utils._QueryCertFileType(String fileName)
   在 System.Security.Cryptography.X509Certificates.X509Certificate.LoadCertificateFromFile(String fileName, Object password, X509KeyStorageFlags keyStorageFlags)
   在 System.Security.Cryptography.X509Certificates.X509Certificate2..ctor(String fileName, String password)
   在 WxPayAPI.HttpService.Post(String xml, String url, Boolean isUseCert, Int32 timeout, WxPayConfig config) 位置 D:\site\b2betown\Com.Tenpay\WxpayApi\lib\HttpService.cs:行号 68
